Reading OpenROAD database at '/content/openlane_run/9-openroad-cts/spm.odb'…
Reading library file at '/content/openlane_run/tmp/e6ad2c8168094a51b03dd78aa3c31964.lib'…
Reading design constraints file at '/content/openlane/scripts/base.sdc'…
[INFO] Using clock clk…
[INFO] Setting output delay to: 2
[INFO] Setting input delay to: 2
[INFO] Setting load to: 0.033442
[INFO] Setting clock uncertainty to: 0.25
[INFO] Setting clock transition to: 0.1499999999999999944488848768742172978818416595458984375
[INFO] Setting timing derate to: 5%
[WARNING STA-0376] cell 'sky130_fd_sc_hd__a2111oi_0' not found.
[WARNING STA-0376] cell 'sky130_fd_sc_hd__a21boi_0' not found.
[WARNING STA-0376] cell 'sky130_fd_sc_hd__and2_0' not found.
[WARNING STA-0376] cell 'sky130_fd_sc_hd__buf_16' not found.
[WARNING STA-0376] cell 'sky130_fd_sc_hd__clkdlybuf4s15_1' not found.
[WARNING STA-0376] cell 'sky130_fd_sc_hd__clkdlybuf4s18_1' not found.
[WARNING STA-0376] cell 'sky130_fd_sc_hd__fa_4' not found.
[WARNING STA-0376] cell 'sky130_fd_sc_hd__lpflow_bleeder_1' not found.
[WARNING STA-0376] cell 'sky130_fd_sc_hd__lpflow_clkbufkapwr_1' not found.
[WARNING STA-0376] cell 'sky130_fd_sc_hd__lpflow_clkbufkapwr_16' not found.
[WARNING STA-0376] cell 'sky130_fd_sc_hd__lpflow_clkbufkapwr_2' not found.
[WARNING STA-0376] cell 'sky130_fd_sc_hd__lpflow_clkbufkapwr_4' not found.
[WARNING STA-0376] cell 'sky130_fd_sc_hd__lpflow_clkbufkapwr_8' not found.
[WARNING STA-0376] cell 'sky130_fd_sc_hd__lpflow_clkinvkapwr_1' not found.
[WARNING STA-0376] cell 'sky130_fd_sc_hd__lpflow_clkinvkapwr_16' not found.
[WARNING STA-0376] cell 'sky130_fd_sc_hd__lpflow_clkinvkapwr_2' not found.
[WARNING STA-0376] cell 'sky130_fd_sc_hd__lpflow_clkinvkapwr_4' not found.
[WARNING STA-0376] cell 'sky130_fd_sc_hd__lpflow_clkinvkapwr_8' not found.
[WARNING STA-0376] cell 'sky130_fd_sc_hd__lpflow_decapkapwr_12' not found.
[WARNING STA-0376] cell 'sky130_fd_sc_hd__lpflow_decapkapwr_3' not found.
[WARNING STA-0376] cell 'sky130_fd_sc_hd__lpflow_decapkapwr_4' not found.
[WARNING STA-0376] cell 'sky130_fd_sc_hd__lpflow_decapkapwr_6' not found.
[WARNING STA-0376] cell 'sky130_fd_sc_hd__lpflow_decapkapwr_8' not found.
[WARNING STA-0376] cell 'sky130_fd_sc_hd__lpflow_inputiso0n_1' not found.
[WARNING STA-0376] cell 'sky130_fd_sc_hd__lpflow_inputiso0p_1' not found.
[WARNING STA-0376] cell 'sky130_fd_sc_hd__lpflow_inputiso1n_1' not found.
[WARNING STA-0376] cell 'sky130_fd_sc_hd__lpflow_inputiso1p_1' not found.
[WARNING STA-0376] cell 'sky130_fd_sc_hd__lpflow_inputisolatch_1' not found.
[WARNING STA-0376] cell 'sky130_fd_sc_hd__lpflow_isobufsrc_1' not found.
[WARNING STA-0376] cell 'sky130_fd_sc_hd__lpflow_isobufsrc_16' not found.
[WARNING STA-0376] cell 'sky130_fd_sc_hd__lpflow_isobufsrc_2' not found.
[WARNING STA-0376] cell 'sky130_fd_sc_hd__lpflow_isobufsrc_4' not found.
[WARNING STA-0376] cell 'sky130_fd_sc_hd__lpflow_isobufsrc_8' not found.
[WARNING STA-0376] cell 'sky130_fd_sc_hd__lpflow_isobufsrckapwr_16' not found.
[WARNING STA-0376] cell 'sky130_fd_sc_hd__lpflow_lsbuf_lh_hl_isowell_tap_1' not found.
[WARNING STA-0376] cell 'sky130_fd_sc_hd__lpflow_lsbuf_lh_hl_isowell_tap_2' not found.
[WARNING STA-0376] cell 'sky130_fd_sc_hd__lpflow_lsbuf_lh_hl_isowell_tap_4' not found.
[WARNING STA-0376] cell 'sky130_fd_sc_hd__lpflow_lsbuf_lh_isowell_4' not found.
[WARNING STA-0376] cell 'sky130_fd_sc_hd__lpflow_lsbuf_lh_isowell_tap_1' not found.
[WARNING STA-0376] cell 'sky130_fd_sc_hd__lpflow_lsbuf_lh_isowell_tap_2' not found.
[WARNING STA-0376] cell 'sky130_fd_sc_hd__lpflow_lsbuf_lh_isowell_tap_4' not found.
[WARNING STA-0376] cell 'sky130_fd_sc_hd__mux4_4' not found.
[WARNING STA-0376] cell 'sky130_fd_sc_hd__o21ai_0' not found.
[WARNING STA-0376] cell 'sky130_fd_sc_hd__o311ai_0' not found.
[WARNING STA-0376] cell 'sky130_fd_sc_hd__or2_0' not found.
[WARNING STA-0376] cell 'sky130_fd_sc_hd__probe_p_8' not found.
[WARNING STA-0376] cell 'sky130_fd_sc_hd__probec_p_8' not found.
[WARNING STA-0376] cell 'sky130_fd_sc_hd__xor3_1' not found.
[WARNING STA-0376] cell 'sky130_fd_sc_hd__xor3_2' not found.
[WARNING STA-0376] cell 'sky130_fd_sc_hd__xor3_4' not found.
[WARNING STA-0376] cell 'sky130_fd_sc_hd__xnor3_1' not found.
[WARNING STA-0376] cell 'sky130_fd_sc_hd__xnor3_2' not found.
[WARNING STA-0376] cell 'sky130_fd_sc_hd__xnor3_4' not found.
[INFO] Setting signal min routing layer to: met1 and clock min routing layer to met1. 
[INFO] Setting signal max routing layer to: met5 and clock max routing layer to met5. 
-congestion_iterations 50 -verbose
[INFO GRT-0020] Min routing layer: met1
[INFO GRT-0021] Max routing layer: met5
[INFO GRT-0022] Global adjustment: 30%
[INFO GRT-0023] Grid origin: (0, 0)
[INFO GRT-0043] No OR_DEFAULT vias defined.
[INFO GRT-0088] Layer li1     Track-Pitch = 0.4600  line-2-Via Pitch: 0.3400
[INFO GRT-0088] Layer met1    Track-Pitch = 0.3400  line-2-Via Pitch: 0.3400
[INFO GRT-0088] Layer met2    Track-Pitch = 0.4600  line-2-Via Pitch: 0.3500
[INFO GRT-0088] Layer met3    Track-Pitch = 0.6800  line-2-Via Pitch: 0.6150
[INFO GRT-0088] Layer met4    Track-Pitch = 0.9200  line-2-Via Pitch: 1.0400
[INFO GRT-0088] Layer met5    Track-Pitch = 3.4000  line-2-Via Pitch: 3.1100
[INFO GRT-0019] Found 10 clock nets.
[INFO GRT-0001] Minimum degree: 2
[INFO GRT-0002] Maximum degree: 65
[INFO GRT-0003] Macros: 0
[INFO GRT-0004] Blockages: 1206

[INFO GRT-0053] Routing resources analysis:
          Routing      Original      Derated      Resource
Layer     Direction    Resources     Resources    Reduction (%)
---------------------------------------------------------------
li1        Vertical            0             0          0.00%
met1       Horizontal       4003          1876          53.14%
met2       Vertical         3165          1957          38.17%
met3       Horizontal       1995          1240          37.84%
met4       Vertical         1302           762          41.47%
met5       Horizontal        399           192          51.88%
---------------------------------------------------------------

[INFO GRT-0197] Via related to pin nodes: 1090
[INFO GRT-0198] Via related Steiner nodes: 19
[INFO GRT-0199] Via filling finished.
[INFO GRT-0111] Final number of vias: 1185
[INFO GRT-0112] Final usage 3D: 4254

[INFO GRT-0096] Final congestion report:
Layer         Resource        Demand        Usage (%)    Max H / Max V / Total Overflow
---------------------------------------------------------------------------------------
li1                  0             0            0.00%             0 /  0 /  0
met1              1876           265           14.13%             0 /  0 /  0
met2              1957           341           17.42%             0 /  0 /  0
met3              1240            93            7.50%             0 /  0 /  0
met4               762             0            0.00%             0 /  0 /  0
met5               192             0            0.00%             0 /  0 /  0
---------------------------------------------------------------------------------------
Total             6027           699           11.60%             0 /  0 /  0

[INFO GRT-0018] Total wirelength: 9266 um
[INFO GRT-0014] Routed nets: 331
%OL_CREATE_REPORT antenna.rpt
[INFO GRT-0043] No OR_DEFAULT vias defined.
[INFO ANT-0002] Found 0 net violations.
[INFO ANT-0001] Found 0 pin violations.
%OL_END_REPORT
[INFO] Setting RC values…
[WARNING GRT-0026] Missing route to pin _239_/B.
[WARNING GRT-0026] Missing route to pin y.
Setting global connections for newly added cells…
[INFO] Setting global connections...
Writing OpenROAD database to '/content/openlane_run/10-openroad-globalrouting/spm.odb'…
Writing layout to '/content/openlane_run/10-openroad-globalrouting/spm.def'…
